<?xml version="1.0" encoding="UTF-8"?>
<testng-results skipped="0" failed="0" ignored="0" total="1" passed="1">
  <reporter-output>
  </reporter-output>
  <suite name="Default suite" duration-ms="7370" started-at="2021-06-24T10:39:10 IST" finished-at="2021-06-24T10:39:18 IST">
    <groups>
    </groups>
    <test name="Default test" duration-ms="7370" started-at="2021-06-24T10:39:10 IST" finished-at="2021-06-24T10:39:18 IST">
      <class name="com.hrms.first.Testng_Real_Ex1">
        <test-method status="PASS" signature="openApplication()[pri:0, instance:com.hrms.first.Testng_Real_Ex1@60c6f5b]" name="openApplication" duration-ms="7339" started-at="2021-06-24T10:39:10 IST" finished-at="2021-06-24T10:39:18 IST">
          <reporter-output>
          </reporter-output>
        </test-method> <!-- openApplication -->
      </class> <!-- com.hrms.first.Testng_Real_Ex1 -->
    </test> <!-- Default test -->
  </suite> <!-- Default suite -->
</testng-results>
